<?xml version="1.0" encoding="UTF-8" standalone="no"?><testsuite errors="0" failures="0" name="Reqres API Testing" skipped="0" tests="15" time="13.24" timestamp="2025-07-08 09:36:57"><testcase name="GET request to &lt;path&gt; should return status &lt;status&gt;"/><testcase name="Create user &lt;name&gt; as &lt;job&gt;"/><testcase name="Register user with email &lt;email&gt;"/><testcase name="Login user with email &quot;&lt;email&gt;&quot;"/><testcase name="Update user &lt;name&gt; to &lt;job&gt;"/><testcase name="Delete user"/></testsuite>