<?xml version="1.0" encoding="UTF-8" standalone="no"?><testsuite errors="1" failures="7" name="Reqres API Testing" skipped="1" tests="16" time="18.75" timestamp="2025-07-08 05:42:21"><testcase name="List users"/><testcase name="Get single user"/><testcase name="Get single user not found"/><testcase name="List resources"><failure message="&#13;&#10;Expected: &lt;200&gt;&#13;&#10;     but: was &lt;404&gt;" type="java.lang.AssertionError">&#13;
Expected: &lt;200&gt;&#13;
     but: was &lt;404&gt;</failure><system-err>&#13;
Expected: &lt;200&gt;&#13;
     but: was &lt;404&gt;&#13;
io.github.aleblanco.stepdefinitions.api.reqres.TestingApiStepDefinition.theResponseStatusCodeShouldBe(TestingApiStepDefinition.java:25)&#13;
✽.the response status code should be 200(file:///C:/Users/ALEJO%20BLANCO/Documents/Dev%20Projects/ale_blanco_dev/IdeaProjects/automation-ui-testv2/src/test/resources/features/api/reqres/testing_api.feature:25)&#13;
</system-err></testcase><testcase name="Get single resource"><failure message="&#13;&#10;Expected: &lt;200&gt;&#13;&#10;     but: was &lt;404&gt;" type="java.lang.AssertionError">&#13;
Expected: &lt;200&gt;&#13;
     but: was &lt;404&gt;</failure><system-err>&#13;
Expected: &lt;200&gt;&#13;
     but: was &lt;404&gt;&#13;
io.github.aleblanco.stepdefinitions.api.reqres.TestingApiStepDefinition.theResponseStatusCodeShouldBe(TestingApiStepDefinition.java:25)&#13;
✽.the response status code should be 200(file:///C:/Users/ALEJO%20BLANCO/Documents/Dev%20Projects/ale_blanco_dev/IdeaProjects/automation-ui-testv2/src/test/resources/features/api/reqres/testing_api.feature:30)&#13;
</system-err></testcase><testcase name="Get single resource not found"/><testcase name="Get delayed response"/><testcase name="Create a user with valid data"/><testcase name="Register a user &lt;email&gt;"><failure message="&#13;&#10;Expected: &lt;200&gt;&#13;&#10;     but: was &lt;404&gt;" type="java.lang.AssertionError">&#13;
Expected: &lt;200&gt;&#13;
     but: was &lt;404&gt;</failure><system-err>&#13;
Expected: &lt;200&gt;&#13;
     but: was &lt;404&gt;&#13;
io.github.aleblanco.stepdefinitions.api.reqres.TestingApiStepDefinition.theResponseStatusCodeShouldBe(TestingApiStepDefinition.java:25)&#13;
✽.the response status code should be 200(file:///C:/Users/ALEJO%20BLANCO/Documents/Dev%20Projects/ale_blanco_dev/IdeaProjects/automation-ui-testv2/src/test/resources/features/api/reqres/testing_api.feature:55)&#13;
</system-err></testcase><testcase name="Login attempt"><failure message="&#13;&#10;Expected: &lt;200&gt;&#13;&#10;     but: was &lt;404&gt;" type="java.lang.AssertionError">&#13;
Expected: &lt;200&gt;&#13;
     but: was &lt;404&gt;</failure><system-err>&#13;
Expected: &lt;200&gt;&#13;
     but: was &lt;404&gt;&#13;
io.github.aleblanco.stepdefinitions.api.reqres.TestingApiStepDefinition.theResponseStatusCodeShouldBe(TestingApiStepDefinition.java:25)&#13;
✽.the response status code should be 200(file:///C:/Users/ALEJO%20BLANCO/Documents/Dev%20Projects/ale_blanco_dev/IdeaProjects/automation-ui-testv2/src/test/resources/features/api/reqres/testing_api.feature:65)&#13;
</system-err></testcase><testcase name="Update user &lt;name&gt;"><error message="Step [I send a PUT request to {string} with {string} and {string}] is defined with 5 parameters at 'io.github.aleblanco.stepdefinitions.web.ecommerce.LoginStepDefinitions.iSendAPUTRequestToWithAnd(java.lang.String,java.lang.String,java.lang.String,java.lang.String,java.lang.String)'.&#10;However, the gherkin step has 3 arguments:&#10; * &quot;api/users/2&quot;&#10; * &quot;morpheus&quot;&#10; * &quot;zion resident&quot;&#10;Step text: I send a PUT request to &quot;api/users/2&quot; with &quot;morpheus&quot; and &quot;zion resident&quot;" type="io.cucumber.core.exception.CucumberException">Step [I send a PUT request to {string} with {string} and {string}] is defined with 5 parameters at 'io.github.aleblanco.stepdefinitions.web.ecommerce.LoginStepDefinitions.iSendAPUTRequestToWithAnd(java.lang.String,java.lang.String,java.lang.String,java.lang.String,java.lang.String)'.
However, the gherkin step has 3 arguments:
 * "api/users/2"
 * "morpheus"
 * "zion resident"
Step text: I send a PUT request to "api/users/2" with "morpheus" and "zion resident"</error><system-err>Step [I send a PUT request to {string} with {string} and {string}] is defined with 5 parameters at 'io.github.aleblanco.stepdefinitions.web.ecommerce.LoginStepDefinitions.iSendAPUTRequestToWithAnd(java.lang.String,java.lang.String,java.lang.String,java.lang.String,java.lang.String)'.
However, the gherkin step has 3 arguments:
 * "api/users/2"
 * "morpheus"
 * "zion resident"
Step text: I send a PUT request to "api/users/2" with "morpheus" and "zion resident"&#13;
io.cucumber.core.runner.PickleStepDefinitionMatch.arityMismatch(PickleStepDefinitionMatch.java:83)&#13;
io.cucumber.core.runner.PickleStepDefinitionMatch.runStep(PickleStepDefinitionMatch.java:42)&#13;
io.cucumber.core.runner.TestStep.executeStep(TestStep.java:84)&#13;
io.cucumber.core.runner.TestStep.run(TestStep.java:56)&#13;
io.cucumber.core.runner.PickleStepTestStep.run(PickleStepTestStep.java:51)&#13;
io.cucumber.core.runner.TestCase.run(TestCase.java:84)&#13;
io.cucumber.core.runner.Runner.runPickle(Runner.java:75)&#13;
io.cucumber.core.runtime.CucumberExecutionContext.lambda$runTestCase$5(CucumberExecutionContext.java:130)&#13;
io.cucumber.core.runtime.RethrowingThrowableCollector.executeAndThrow(RethrowingThrowableCollector.java:23)&#13;
io.cucumber.core.runtime.CucumberExecutionContext.runTestCase(CucumberExecutionContext.java:130)&#13;
io.cucumber.junit.FeatureRunner.runChild(FeatureRunner.java:144)&#13;
io.cucumber.junit.FeatureRunner.runChild(FeatureRunner.java:28)&#13;
io.cucumber.junit.FeatureRunner.run(FeatureRunner.java:137)&#13;
io.cucumber.junit.CucumberSerenityRunner.runChild(CucumberSerenityRunner.java:259)&#13;
io.cucumber.junit.CucumberSerenityRunner.runChild(CucumberSerenityRunner.java:59)&#13;
</system-err></testcase><testcase name="Delete user"><failure message="&#13;&#10;Expected: &lt;204&gt;&#13;&#10;     but: was null" type="java.lang.AssertionError">&#13;
Expected: &lt;204&gt;&#13;
     but: was null</failure><system-err>&#13;
Expected: &lt;204&gt;&#13;
     but: was null&#13;
io.github.aleblanco.stepdefinitions.api.reqres.TestingApiStepDefinition.theResponseStatusCodeShouldBe(TestingApiStepDefinition.java:25)&#13;
✽.the response status code should be 204(file:///C:/Users/ALEJO%20BLANCO/Documents/Dev%20Projects/ale_blanco_dev/IdeaProjects/automation-ui-testv2/src/test/resources/features/api/reqres/testing_api.feature:94)&#13;
</system-err></testcase></testsuite>